<?xml version="1.0" encoding="UTF-8"?>
<!-- Generated by org.testng.reporters.JUnitReportReporter -->
<testsuite hostname="DESKTOP-QT0P08I" failures="0" tests="1" name="Smoke.First" time="0.035" errors="0" timestamp="2022-07-20T12:18:33 IST" skipped="0">
  <testcase classname="Smoke.First" name="TC001" time="0.035"/>
  <system-out/>
</testsuite> <!-- Smoke.First -->
